<?xml version="1.0" encoding="UTF-8"?>
<testng-results ignored="0" total="1" passed="1" failed="0" skipped="0">
  <reporter-output>
  </reporter-output>
  <suite started-at="2025-11-22T17:44:49 IST" name="Default suite" finished-at="2025-11-22T17:44:49 IST" duration-ms="79">
    <groups>
    </groups>
    <test started-at="2025-11-22T17:44:49 IST" name="Default test" finished-at="2025-11-22T17:44:49 IST" duration-ms="79">
      <class name="practice.GitPractice">
        <test-method signature="m1()[pri:0, instance:practice.GitPractice@10683d9d]" started-at="2025-11-22T17:44:49 IST" name="m1" finished-at="2025-11-22T17:44:49 IST" duration-ms="16" status="PASS">
          <reporter-output>
          </reporter-output>
        </test-method> <!-- m1 -->
      </class> <!-- practice.GitPractice -->
    </test> <!-- Default test -->
  </suite> <!-- Default suite -->
</testng-results>
